
Showing logs for build [32mcb-kubecd-environment-pr-575-20-jf2gl-1[0m stage [32mfrom-build-pack[0m and container [32mstep-credential-initializer-nlbzp[0m
{"level":"info","ts":1593016903.9825199,"logger":"fallback-logger","caller":"logging/config.go:69","msg":"Fetch GitHub commit ID from kodata failed: open /var/run/ko/refs/heads/0.8.0-ns-support: no such file or directory"}
{"level":"info","ts":1593016903.984947,"logger":"fallback-logger","caller":"creds-init/main.go:40","msg":"Credentials initialized."}

Showing logs for build [32mcb-kubecd-environment-pr-575-20-jf2gl-1[0m stage [32mfrom-build-pack[0m and container [32mstep-working-dir-initializer-fcwcv[0m
{"level":"info","ts":1593016905.4139087,"logger":"fallback-logger","caller":"logging/config.go:69","msg":"Fetch GitHub commit ID from kodata failed: open /var/run/ko/HEAD: no such file or directory"}
{"level":"info","ts":1593016905.4158444,"logger":"fallback-logger","caller":"bash/main.go:64","msg":"Successfully executed command \"sh -c mkdir -p /workspace/source\"; output "}

Showing logs for build [32mcb-kubecd-environment-pr-575-20-jf2gl-1[0m stage [32mfrom-build-pack[0m and container [32mstep-place-tools[0m

Showing logs for build [32mcb-kubecd-environment-pr-575-20-jf2gl-1[0m stage [32mfrom-build-pack[0m and container [32mstep-git-source-cb-kubecd-environment-pr-575-20-jf2gl-clndz[0m
{"level":"info","ts":1593016910.5399501,"logger":"fallback-logger","caller":"logging/config.go:69","msg":"Fetch GitHub commit ID from kodata failed: open /var/run/ko/refs/heads/0.8.0-ns-support: no such file or directory"}
{"level":"info","ts":1593016911.5985782,"logger":"fallback-logger","caller":"git/git.go:103","msg":"Successfully cloned https://github.com/cb-kubecd/environment-pr-575-20-bdd-frontend-staging.git @ master in path /workspace/source"}

Showing logs for build [32mcb-kubecd-environment-pr-575-20-jf2gl-1[0m stage [32mfrom-build-pack[0m and container [32mstep-git-merge[0m
Using SHAs from PULL_REFS=master:451ce0eed275652bde7781397ad02d1a78fdf8de,1:85b28440f2554dafc6c954f7f562be6eaf2e024d
DEBUG: LC_ALL=C JX_LOG_LEVEL=error git fetch origin --unshallow 85b28440f2554dafc6c954f7f562be6eaf2e024d: 451ce0eed275652bde7781397ad02d1a78fdf8de:
DEBUG: ran git fetch --unshallow origin 85b28440f2554dafc6c954f7f562be6eaf2e024d: 451ce0eed275652bde7781397ad02d1a78fdf8de: in 
DEBUG: LC_ALL=C JX_LOG_LEVEL=error git branch
DEBUG: LC_ALL=C JX_LOG_LEVEL=error git checkout master
DEBUG: ran git checkout master in 
DEBUG: LC_ALL=C JX_LOG_LEVEL=error git reset --hard 451ce0eed275652bde7781397ad02d1a78fdf8de
DEBUG: ran git reset --hard 451ce0eed275652bde7781397ad02d1a78fdf8de in 
DEBUG: LC_ALL=C JX_LOG_LEVEL=error git clean -fd .
DEBUG: ran clean --force -d . in 
DEBUG: LC_ALL=C JX_LOG_LEVEL=error git merge 85b28440f2554dafc6c954f7f562be6eaf2e024d
DEBUG: ran git merge 85b28440f2554dafc6c954f7f562be6eaf2e024d in 
DEBUG: LC_ALL=C JX_LOG_LEVEL=error git log --format=%H%x1f%an%x1f%ae%x1f%cn%x1f%ce%x1f%s%n%b%x1e 451ce0eed275652bde7781397ad02d1a78fdf8de..HEAD
Merged SHA 85b28440f2554dafc6c954f7f562be6eaf2e024d with commit message 'chore: Promote bdd-nh-1593015813 to version 0.0.1' into base branch master

Showing logs for build [32mcb-kubecd-environment-pr-575-20-jf2gl-1[0m stage [32mfrom-build-pack[0m and container [32mstep-build-helm-build[0m
WARNING: No $CHART_REPOSITORY defined so using the default value of: http://jenkins-x-chartmuseum:8080
Adding missing Helm repo: storage.googleapis.com https://storage.googleapis.com/chartmuseum.jenkins-x.io
WARNING: No secrets found on "helm/repos" due: reading the secret "helm/repos" from vault: no secret "helm/repos" not found in vault
Read credentials for https://storage.googleapis.com/chartmuseum.jenkins-x.io from vault helm/repos
Successfully added Helm repository storage.googleapis.com.
Adding missing Helm repo: jenkins-x-chartmuseum http://jenkins-x-chartmuseum:8080
WARNING: No secrets found on "helm/repos" due: reading the secret "helm/repos" from vault: no secret "helm/repos" not found in vault
Read credentials for http://jenkins-x-chartmuseum:8080 from vault helm/repos
Successfully added Helm repository jenkins-x-chartmuseum.
WARNING: No $CHART_REPOSITORY defined so using the default value of: http://jenkins-x-chartmuseum:8080
Adding missing Helm repo: chartmuseum.jenkins-x.io http://chartmuseum.jenkins-x.io
WARNING: No secrets found on "helm/repos" due: reading the secret "helm/repos" from vault: no secret "helm/repos" not found in vault
Read credentials for http://chartmuseum.jenkins-x.io from vault helm/repos
Successfully added Helm repository chartmuseum.jenkins-x.io.
